[01:48:43] [ServerMain/INFO]: Environment: Environment[sessionHost=https://sessionserver.mojang.com, servicesHost=https://api.minecraftservices.com, name=PROD]
[01:48:45] [ServerMain/INFO]: Loaded 1337 recipes
[01:48:45] [ServerMain/INFO]: Loaded 1448 advancements
[01:48:45] [Server thread/INFO]: Starting minecraft server version 1.21.3
[01:48:45] [Server thread/INFO]: Loading properties
[01:48:45] [Server thread/INFO]: Default game type: SURVIVAL
[01:48:45] [Server thread/INFO]: Generating keypair
[01:48:45] [Server thread/INFO]: Starting Minecraft server on *:25565
[01:48:45] [Server thread/INFO]: Using epoll channel type
[01:48:45] [Server thread/WARN]: **** SERVER IS RUNNING IN OFFLINE/INSECURE MODE!
[01:48:45] [Server thread/WARN]: The server will make no attempt to authenticate usernames. Beware.
[01:48:45] [Server thread/WARN]: While this makes the game possible to play without internet access, it also opens up the ability for hackers to connect with any username they choose.
[01:48:45] [Server thread/WARN]: To change this, set "online-mode" to "true" in the server.properties file.
[01:48:45] [Server thread/INFO]: Preparing level "world"
[01:48:46] [Server thread/INFO]: Preparing start region for dimension minecraft:overworld
[01:48:51] [Worker-Main-1/INFO]: Preparing spawn area: 0%
[01:48:51] [Worker-Main-1/INFO]: Preparing spawn area: 0%
[01:48:51] [Worker-Main-1/INFO]: Preparing spawn area: 0%
[01:48:51] [Worker-Main-1/INFO]: Preparing spawn area: 0%
[01:48:51] [Worker-Main-1/INFO]: Preparing spawn area: 0%
[01:48:51] [Worker-Main-1/INFO]: Preparing spawn area: 0%
[01:48:51] [Worker-Main-1/INFO]: Preparing spawn area: 0%
[01:48:51] [Worker-Main-1/INFO]: Preparing spawn area: 0%
[01:48:51] [Worker-Main-1/INFO]: Preparing spawn area: 0%
[01:48:51] [Worker-Main-1/INFO]: Preparing spawn area: 0%
[01:48:51] [Worker-Main-1/INFO]: Preparing spawn area: 0%
[01:48:51] [Server thread/INFO]: Time elapsed: 5305 ms
[01:48:51] [Server thread/INFO]: Done (5.600s)! For help, type "help"
[01:48:51] [Server thread/INFO]: Starting remote control listener
[01:48:51] [Server thread/INFO]: Thread RCON Listener started
[01:48:51] [Server thread/INFO]: RCON running on 0.0.0.0:25575
[01:49:51] [Server thread/INFO]: Server empty for 60 seconds, pausing
